


ARM Macro Assembler    Page 1 


    1 00000000                 area             program, code, readonly
    2 00000000         entry
    3 00000000         main
    4 00000000 E59F0030        LDR              R0, value1
    5 00000004 E59F1030        LDR              R1, value2
    6 00000008 E3A03000        MOV              R3, #0X00
    7 0000000C E1A04000        MOV              R4, R0
    8 00000010         LOOP
    9 00000010 E0544001        SUBS             R4, R4, R1
   10 00000014 E2833001        ADD              R3, R3, #0X01
   11 00000018 E1540001        CMP              R4, R1
   12 0000001C CAFFFFFB        BGT              LOOP
   13 00000020 0A000001        BEQ              LOOP1
   14 00000024 E1A05004        MOV              R5, R4
   15 00000028 EA000001        B                FORWARD
   16 0000002C         LOOP1
   17 0000002C E2833001        ADD              R3, R3, #0X01
   18 00000030 E3A05000        MOV              R5, #0X00
   19 00000034         FORWARD
   20 00000034 EF000011        SWI              &11
   21 00000038                 area             program, data, readonly
   22 00000038 00000009 
                       value1  DCD              &00000009
   23 0000003C 00000002 
                       value2  DCD              &00000002
   24 00000040                 END
Command Line: --debug --xref --bi --apcs=interwork --depend=.\how_to_divide_two
_numbers.d -o.\how_to_divide_two_numbers.o -IC:\Keil\ARM\RV31\INC -IC:\Keil\ARM
\CMSIS\Include --predefine="__EVAL SETA 1" --list=.\how_to_divide_two_numbers.l
st how_to_divide_two_numbers\how_to_divide_two_numbers.asm



ARM Macro Assembler    Page 1 Alphabetic symbol ordering
Relocatable symbols

FORWARD 00000034

Symbol: FORWARD
   Definitions
      At line 19 in file how_to_divide_two_numbers\how_to_divide_two_numbers.as
m
   Uses
      At line 15 in file how_to_divide_two_numbers\how_to_divide_two_numbers.as
m
Comment: FORWARD used once
LOOP 00000010

Symbol: LOOP
   Definitions
      At line 8 in file how_to_divide_two_numbers\how_to_divide_two_numbers.asm
   Uses
      At line 12 in file how_to_divide_two_numbers\how_to_divide_two_numbers.as
m
Comment: LOOP used once
LOOP1 0000002C

Symbol: LOOP1
   Definitions
      At line 16 in file how_to_divide_two_numbers\how_to_divide_two_numbers.as
m
   Uses
      At line 13 in file how_to_divide_two_numbers\how_to_divide_two_numbers.as
m
Comment: LOOP1 used once
entry 00000000

Symbol: entry
   Definitions
      At line 2 in file how_to_divide_two_numbers\how_to_divide_two_numbers.asm
   Uses
      None
Comment: entry unused
main 00000000

Symbol: main
   Definitions
      At line 3 in file how_to_divide_two_numbers\how_to_divide_two_numbers.asm
   Uses
      None
Comment: main unused
program 00000000

Symbol: program
   Definitions
      At line 1 in file how_to_divide_two_numbers\how_to_divide_two_numbers.asm
   Uses
      None
Comment: program unused
value1 00000038

Symbol: value1
   Definitions
      At line 22 in file how_to_divide_two_numbers\how_to_divide_two_numbers.as
m



ARM Macro Assembler    Page 2 Alphabetic symbol ordering
Relocatable symbols

   Uses
      At line 4 in file how_to_divide_two_numbers\how_to_divide_two_numbers.asm
Comment: value1 used once
value2 0000003C

Symbol: value2
   Definitions
      At line 23 in file how_to_divide_two_numbers\how_to_divide_two_numbers.as
m
   Uses
      At line 5 in file how_to_divide_two_numbers\how_to_divide_two_numbers.asm
Comment: value2 used once
8 symbols
339 symbols in table
